<?xml version="1.0" encoding="UTF-8"?>
<!-- Generated by org.testng.reporters.JUnitReportReporter -->
<testsuite hostname="AQMIT-DSK-10113" failures="0" tests="4" name="selenium_practice1.DataDrivenTesting" time="5.444" errors="0" timestamp="2022-09-02T12:57:01 IST" skipped="0">
  <testcase classname="selenium_practice1.DataDrivenTesting" name="f" time="1.906"/>
  <system-out/>
  <testcase classname="selenium_practice1.DataDrivenTesting" name="login" time="1.274"/>
  <system-out/>
  <testcase classname="selenium_practice1.DataDrivenTesting" name="f" time="1.286"/>
  <system-out/>
  <testcase classname="selenium_practice1.DataDrivenTesting" name="f" time="0.978"/>
  <system-out/>
</testsuite> <!-- selenium_practice1.DataDrivenTesting -->
