<?xml version="1.0" encoding="UTF-8"?>
<!-- Generated by org.testng.reporters.JUnitReportReporter -->
<testsuite hostname="AQMIT-DSK-10113" failures="0" tests="1" name="selenium_practice1.BaseClass" time="0.519" errors="0" timestamp="2022-09-02T11:18:45 IST" skipped="0">
  <testcase classname="selenium_practice1.BaseClass" name="login" time="0.519"/>
  <system-out/>
</testsuite> <!-- selenium_practice1.BaseClass -->
